build/app/outputs/mapping/release/mapping.txt
# compiler: R8
# compiler_version: 1.5.64
# min_api: 21
# pg_map_id: bb3c72c
...
android.support.v4.media.session.IMediaControllerCallback -> android.support.v4.media.session.a:
    void onEvent(java.lang.String,android.os.Bundle) -> a
    void onMetadataChanged(android.support.v4.media.MediaMetadataCompat) -> a
    void onPlaybackStateChanged(android.support.v4.media.session.PlaybackStateCompat) -> a
    void onQueueChanged(java.util.List) -> a
    void onQueueTitleChanged(java.lang.CharSequence) -> a
    void onShuffleModeChanged(int) -> a
    void onShuffleModeChangedRemoved(boolean) -> a
    void onVolumeInfoChanged(android.support.v4.media.session.ParcelableVolumeInfo) -> a
    void onCaptioningEnabledChanged(boolean) -> b
    void onExtrasChanged(android.os.Bundle) -> b
    void onRepeatModeChanged(int) -> b
    void onSessionDestroyed() -> d
    void onSessionReady() -> e
android.support.v4.media.session.IMediaControllerCallback$Stub -> android.support.v4.media.session.a$a:
android.support.v4.media.session.IMediaSession -> android.support.v4.media.session.b:
    void registerCallbackListener(android.support.v4.media.session.IMediaControllerCallback) -> a
android.support.v4.media.session.IMediaSession$Stub -> android.support.v4.media.session.b$a:
    android.support.v4.media.session.IMediaSession asInterface(android.os.IBinder) -> a
android.support.v4.media.session.IMediaSession$Stub$Proxy -> android.support.v4.media.session.b$a$a:
    android.os.IBinder mRemote -> a
    void registerCallbackListener(android.support.v4.media.session.IMediaControllerCallback) -> a
android.support.v4.media.session.MediaControllerCompat$Callback -> android.support.v4.media.session.c:
    android.support.v4.media.session.MediaControllerCompat$Callback$MessageHandler mHandler -> a
    android.support.v4.media.session.IMediaControllerCallback mIControllerCallback -> b
    void onAudioInfoChanged(android.support.v4.media.session.MediaControllerCompat$PlaybackInfo) -> a
    void onExtrasChanged(android.os.Bundle) -> a
    void onMetadataChanged(android.support.v4.media.MediaMetadataCompat) -> a
    void onPlaybackStateChanged(android.support.v4.media.session.PlaybackStateCompat) -> a
    void onQueueChanged(java.util.List) -> a
    void onQueueTitleChanged(java.lang.CharSequence) -> a
    void onSessionDestroyed() -> a
    void onSessionEvent(java.lang.String,android.os.Bundle) -> a
    void postToHandler(int,java.lang.Object,android.os.Bundle) -> a
android.support.v4.media.session.MediaControllerCompat$Callback$MediaControllerCallbackApi21 -> android.support.v4.media.session.c$a:
    java.lang.ref.WeakReference mCallback -> a
android.support.v4.media.session.MediaControllerCompat$Callback$MessageHandler -> android.support.v4.media.session.c$b:
android.support.v4.media.session.MediaControllerCompat$Callback$StubCompat -> android.support.v4.media.session.c$c:
    java.lang.ref.WeakReference mCallback -> a
    void onEvent(java.lang.String,android.os.Bundle) -> a
    void onMetadataChanged(android.support.v4.media.MediaMetadataCompat) -> a
    void onPlaybackStateChanged(android.support.v4.media.session.PlaybackStateCompat) -> a
    void onQueueChanged(java.util.List) -> a
    void onQueueTitleChanged(java.lang.CharSequence) -> a
    void onShuffleModeChanged(int) -> a
    void onShuffleModeChangedRemoved(boolean) -> a
    void onVolumeInfoChanged(android.support.v4.media.session.ParcelableVolumeInfo) -> a
    void onCaptioningEnabledChanged(boolean) -> b
    void onExtrasChanged(android.os.Bundle) -> b
    void onRepeatModeChanged(int) -> b
    void onSessionDestroyed() -> d
    void onSessionReady() -> e
android.support.v4.media.session.MediaControllerCompat$MediaControllerImpl -> android.support.v4.media.session.d: